<?xml version="1.0" encoding="UTF-8"?>
<testng-results skipped="0" failed="0" ignored="0" total="1" passed="1">
  <reporter-output>
  </reporter-output>
  <suite name="Suite" duration-ms="30636" started-at="2020-01-01T16:37:06Z" finished-at="2020-01-01T16:37:37Z">
    <groups>
    </groups>
    <test name="Main Shoping" duration-ms="30636" started-at="2020-01-01T16:37:06Z" finished-at="2020-01-01T16:37:37Z">
      <class name="Automation.MainShopingTest">
        <test-method status="PASS" signature="initializeBrowser()[pri:0, instance:Automation.MainShopingTest@b7f23d9]" name="initializeBrowser" is-config="true" duration-ms="11049" started-at="2020-01-01T16:37:06Z" finished-at="2020-01-01T16:37:17Z">
          <reporter-output>
          </reporter-output>
        </test-method> <!-- initializeBrowser -->
        <test-method status="PASS" signature="ShopingAddToBasket()[pri:0, instance:Automation.MainShopingTest@b7f23d9]" name="ShopingAddToBasket" duration-ms="19209" started-at="2020-01-01T16:37:17Z" finished-at="2020-01-01T16:37:37Z">
          <reporter-output>
          </reporter-output>
        </test-method> <!-- ShopingAddToBasket -->
        <test-method status="PASS" signature="closeBrowser()[pri:0, instance:Automation.MainShopingTest@b7f23d9]" name="closeBrowser" is-config="true" duration-ms="341" started-at="2020-01-01T16:37:37Z" finished-at="2020-01-01T16:37:37Z">
          <reporter-output>
          </reporter-output>
        </test-method> <!-- closeBrowser -->
      </class> <!-- Automation.MainShopingTest -->
    </test> <!-- Main Shoping -->
  </suite> <!-- Suite -->
</testng-results>
